<?xml version="1.0" encoding="UTF-8"?>
<!-- Generated by org.testng.reporters.JUnitReportReporter -->
<testsuite hostname="shailesh" failures="0" tests="1" name="com.eva.marketing.submodule.testcases.MarketingLeads" time="28.018" errors="0" timestamp="2024-09-23T19:08:30 IST" skipped="0">
  <testcase classname="com.eva.marketing.submodule.testcases.MarketingLeads" name="verifyCreateLeads" time="28.018"/>
  <system-out/>
</testsuite> <!-- com.eva.marketing.submodule.testcases.MarketingLeads -->
